

Started GET "/" for 127.0.0.1 at 2014-08-07 15:00:22 -0600

PG::ConnectionBad (FATAL:  password authentication failed for user "postgres"
FATAL:  password authentication failed for user "postgres"
):
  activerecord (4.1.4) lib/active_record/connection_adapters/postgresql_adapter.rb:888:in `initialize'
  activerecord (4.1.4) lib/active_record/connection_adapters/postgresql_adapter.rb:888:in `new'
  activerecord (4.1.4) lib/active_record/connection_adapters/postgresql_adapter.rb:888:in `connect'
  activerecord (4.1.4) lib/active_record/connection_adapters/postgresql_adapter.rb:568:in `initialize'
  activerecord (4.1.4) lib/active_record/connection_adapters/postgresql_adapter.rb:41:in `new'
  activerecord (4.1.4) lib/active_record/connection_adapters/postgresql_adapter.rb:41:in `postgresql_connection'
  activerecord (4.1.4) lib/active_record/connection_adapters/abstract/connection_pool.rb:435:in `new_connection'
  activerecord (4.1.4) lib/active_record/connection_adapters/abstract/connection_pool.rb:445:in `checkout_new_connection'
  activerecord (4.1.4) lib/active_record/connection_adapters/abstract/connection_pool.rb:416:in `acquire_connection'
  activerecord (4.1.4) lib/active_record/connection_adapters/abstract/connection_pool.rb:351:in `block in checkout'
  /home/zach/.rvm/rubies/ruby-2.1.2/lib/ruby/2.1.0/monitor.rb:211:in `mon_synchronize'
  activerecord (4.1.4) lib/active_record/connection_adapters/abstract/connection_pool.rb:350:in `checkout'
  activerecord (4.1.4) lib/active_record/connection_adapters/abstract/connection_pool.rb:265:in `block in connection'
  /home/zach/.rvm/rubies/ruby-2.1.2/lib/ruby/2.1.0/monitor.rb:211:in `mon_synchronize'
  activerecord (4.1.4) lib/active_record/connection_adapters/abstract/connection_pool.rb:264:in `connection'
  activerecord (4.1.4) lib/active_record/connection_adapters/abstract/connection_pool.rb:541:in `retrieve_connection'
  activerecord (4.1.4) lib/active_record/connection_handling.rb:113:in `retrieve_connection'
  activerecord (4.1.4) lib/active_record/connection_handling.rb:87:in `connection'
  activerecord (4.1.4) lib/active_record/migration.rb:388:in `check_pending!'
  activerecord (4.1.4) lib/active_record/migration.rb:377:in `call'
  actionpack (4.1.4) lib/action_dispatch/middleware/callbacks.rb:29:in `block in call'
  activesupport (4.1.4) lib/active_support/callbacks.rb:82:in `run_callbacks'
  actionpack (4.1.4) lib/action_dispatch/middleware/callbacks.rb:27:in `call'
  actionpack (4.1.4) lib/action_dispatch/middleware/reloader.rb:73:in `call'
  actionpack (4.1.4) lib/action_dispatch/middleware/remote_ip.rb:76:in `call'
  actionpack (4.1.4) lib/action_dispatch/middleware/debug_exceptions.rb:17:in `call'
  actionpack (4.1.4) lib/action_dispatch/middleware/show_exceptions.rb:30:in `call'
  railties (4.1.4) lib/rails/rack/logger.rb:38:in `call_app'
  railties (4.1.4) lib/rails/rack/logger.rb:20:in `block in call'
  activesupport (4.1.4) lib/active_support/tagged_logging.rb:68:in `block in tagged'
  activesupport (4.1.4) lib/active_support/tagged_logging.rb:26:in `tagged'
  activesupport (4.1.4) lib/active_support/tagged_logging.rb:68:in `tagged'
  railties (4.1.4) lib/rails/rack/logger.rb:20:in `call'
  actionpack (4.1.4) lib/action_dispatch/middleware/request_id.rb:21:in `call'
  rack (1.5.2) lib/rack/methodoverride.rb:21:in `call'
  rack (1.5.2) lib/rack/runtime.rb:17:in `call'
  activesupport (4.1.4) lib/active_support/cache/strategy/local_cache_middleware.rb:26:in `call'
  rack (1.5.2) lib/rack/lock.rb:17:in `call'
  actionpack (4.1.4) lib/action_dispatch/middleware/static.rb:64:in `call'
  rack (1.5.2) lib/rack/sendfile.rb:112:in `call'
  railties (4.1.4) lib/rails/engine.rb:514:in `call'
  railties (4.1.4) lib/rails/application.rb:144:in `call'
  rack (1.5.2) lib/rack/lock.rb:17:in `call'
  rack (1.5.2) lib/rack/content_length.rb:14:in `call'
  rack (1.5.2) lib/rack/handler/webrick.rb:60:in `service'
  /home/zach/.rvm/rubies/ruby-2.1.2/lib/ruby/2.1.0/webrick/httpserver.rb:138:in `service'
  /home/zach/.rvm/rubies/ruby-2.1.2/lib/ruby/2.1.0/webrick/httpserver.rb:94:in `run'
  /home/zach/.rvm/rubies/ruby-2.1.2/lib/ruby/2.1.0/webrick/server.rb:295:in `block in start_thread'


  Rendered /home/zach/.rvm/gems/ruby-2.1.2/gems/actionpack-4.1.4/lib/action_dispatch/middleware/templates/rescues/_source.erb (1.6ms)
  Rendered /home/zach/.rvm/gems/ruby-2.1.2/gems/actionpack-4.1.4/lib/action_dispatch/middleware/templates/rescues/_trace.html.erb (3.0ms)
  Rendered /home/zach/.rvm/gems/ruby-2.1.2/gems/actionpack-4.1.4/lib/action_dispatch/middleware/templates/rescues/_request_and_response.html.erb (3.2ms)
  Rendered /home/zach/.rvm/gems/ruby-2.1.2/gems/actionpack-4.1.4/lib/action_dispatch/middleware/templates/rescues/diagnostics.erb within rescues/layout (37.2ms)


Started GET "/" for 127.0.0.1 at 2014-08-07 15:00:23 -0600

PG::ConnectionBad (FATAL:  password authentication failed for user "postgres"
FATAL:  password authentication failed for user "postgres"
):
  activerecord (4.1.4) lib/active_record/connection_adapters/postgresql_adapter.rb:888:in `initialize'
  activerecord (4.1.4) lib/active_record/connection_adapters/postgresql_adapter.rb:888:in `new'
  activerecord (4.1.4) lib/active_record/connection_adapters/postgresql_adapter.rb:888:in `connect'
  activerecord (4.1.4) lib/active_record/connection_adapters/postgresql_adapter.rb:568:in `initialize'
  activerecord (4.1.4) lib/active_record/connection_adapters/postgresql_adapter.rb:41:in `new'
  activerecord (4.1.4) lib/active_record/connection_adapters/postgresql_adapter.rb:41:in `postgresql_connection'
  activerecord (4.1.4) lib/active_record/connection_adapters/abstract/connection_pool.rb:435:in `new_connection'
  activerecord (4.1.4) lib/active_record/connection_adapters/abstract/connection_pool.rb:445:in `checkout_new_connection'
  activerecord (4.1.4) lib/active_record/connection_adapters/abstract/connection_pool.rb:416:in `acquire_connection'
  activerecord (4.1.4) lib/active_record/connection_adapters/abstract/connection_pool.rb:351:in `block in checkout'
  /home/zach/.rvm/rubies/ruby-2.1.2/lib/ruby/2.1.0/monitor.rb:211:in `mon_synchronize'
  activerecord (4.1.4) lib/active_record/connection_adapters/abstract/connection_pool.rb:350:in `checkout'
  activerecord (4.1.4) lib/active_record/connection_adapters/abstract/connection_pool.rb:265:in `block in connection'
  /home/zach/.rvm/rubies/ruby-2.1.2/lib/ruby/2.1.0/monitor.rb:211:in `mon_synchronize'
  activerecord (4.1.4) lib/active_record/connection_adapters/abstract/connection_pool.rb:264:in `connection'
  activerecord (4.1.4) lib/active_record/connection_adapters/abstract/connection_pool.rb:541:in `retrieve_connection'
  activerecord (4.1.4) lib/active_record/connection_handling.rb:113:in `retrieve_connection'
  activerecord (4.1.4) lib/active_record/connection_handling.rb:87:in `connection'
  activerecord (4.1.4) lib/active_record/migration.rb:388:in `check_pending!'
  activerecord (4.1.4) lib/active_record/migration.rb:377:in `call'
  actionpack (4.1.4) lib/action_dispatch/middleware/callbacks.rb:29:in `block in call'
  activesupport (4.1.4) lib/active_support/callbacks.rb:82:in `run_callbacks'
  actionpack (4.1.4) lib/action_dispatch/middleware/callbacks.rb:27:in `call'
  actionpack (4.1.4) lib/action_dispatch/middleware/reloader.rb:73:in `call'
  actionpack (4.1.4) lib/action_dispatch/middleware/remote_ip.rb:76:in `call'
  actionpack (4.1.4) lib/action_dispatch/middleware/debug_exceptions.rb:17:in `call'
  actionpack (4.1.4) lib/action_dispatch/middleware/show_exceptions.rb:30:in `call'
  railties (4.1.4) lib/rails/rack/logger.rb:38:in `call_app'
  railties (4.1.4) lib/rails/rack/logger.rb:20:in `block in call'
  activesupport (4.1.4) lib/active_support/tagged_logging.rb:68:in `block in tagged'
  activesupport (4.1.4) lib/active_support/tagged_logging.rb:26:in `tagged'
  activesupport (4.1.4) lib/active_support/tagged_logging.rb:68:in `tagged'
  railties (4.1.4) lib/rails/rack/logger.rb:20:in `call'
  actionpack (4.1.4) lib/action_dispatch/middleware/request_id.rb:21:in `call'
  rack (1.5.2) lib/rack/methodoverride.rb:21:in `call'
  rack (1.5.2) lib/rack/runtime.rb:17:in `call'
  activesupport (4.1.4) lib/active_support/cache/strategy/local_cache_middleware.rb:26:in `call'
  rack (1.5.2) lib/rack/lock.rb:17:in `call'
  actionpack (4.1.4) lib/action_dispatch/middleware/static.rb:64:in `call'
  rack (1.5.2) lib/rack/sendfile.rb:112:in `call'
  railties (4.1.4) lib/rails/engine.rb:514:in `call'
  railties (4.1.4) lib/rails/application.rb:144:in `call'
  rack (1.5.2) lib/rack/lock.rb:17:in `call'
  rack (1.5.2) lib/rack/content_length.rb:14:in `call'
  rack (1.5.2) lib/rack/handler/webrick.rb:60:in `service'
  /home/zach/.rvm/rubies/ruby-2.1.2/lib/ruby/2.1.0/webrick/httpserver.rb:138:in `service'
  /home/zach/.rvm/rubies/ruby-2.1.2/lib/ruby/2.1.0/webrick/httpserver.rb:94:in `run'
  /home/zach/.rvm/rubies/ruby-2.1.2/lib/ruby/2.1.0/webrick/server.rb:295:in `block in start_thread'


  Rendered /home/zach/.rvm/gems/ruby-2.1.2/gems/actionpack-4.1.4/lib/action_dispatch/middleware/templates/rescues/_source.erb (1.7ms)
  Rendered /home/zach/.rvm/gems/ruby-2.1.2/gems/actionpack-4.1.4/lib/action_dispatch/middleware/templates/rescues/_trace.html.erb (3.0ms)
  Rendered /home/zach/.rvm/gems/ruby-2.1.2/gems/actionpack-4.1.4/lib/action_dispatch/middleware/templates/rescues/_request_and_response.html.erb (2.1ms)
  Rendered /home/zach/.rvm/gems/ruby-2.1.2/gems/actionpack-4.1.4/lib/action_dispatch/middleware/templates/rescues/diagnostics.erb within rescues/layout (30.2ms)
  [1m[36m (24.9ms)[0m  [1mCREATE TABLE "schema_migrations" ("version" character varying(255) NOT NULL) [0m
  [1m[35m (46.5ms)[0m  CREATE UNIQUE INDEX  "unique_schema_migrations" ON "schema_migrations"  ("version")
  [1m[36mActiveRecord::SchemaMigration Load (3.3ms)[0m  [1mSELECT "schema_migrations".* FROM "schema_migrations"[0m
Migrating to CreateSkills (20140807205750)
  [1m[35m (1.1ms)[0m  BEGIN
  [1m[36m (75.0ms)[0m  [1mCREATE TABLE "skills" ("id" serial primary key, "title" character varying(255), "created_at" timestamp, "updated_at" timestamp) [0m
  [1m[35mSQL (1.5ms)[0m  INSERT INTO "schema_migrations" ("version") VALUES ($1)  [["version", "20140807205750"]]
  [1m[36m (27.1ms)[0m  [1mCOMMIT[0m
Migrating to CreateTools (20140807205811)
  [1m[35m (1.5ms)[0m  BEGIN
  [1m[36m (64.1ms)[0m  [1mCREATE TABLE "tools" ("id" serial primary key, "title" character varying(255), "created_at" timestamp, "updated_at" timestamp) [0m
  [1m[35mSQL (1.5ms)[0m  INSERT INTO "schema_migrations" ("version") VALUES ($1)  [["version", "20140807205811"]]
  [1m[36m (19.7ms)[0m  [1mCOMMIT[0m
  [1m[35mActiveRecord::SchemaMigration Load (1.5ms)[0m  SELECT "schema_migrations".* FROM "schema_migrations"


Started GET "/" for 127.0.0.1 at 2014-08-07 16:03:48 -0600
  [1m[36mActiveRecord::SchemaMigration Load (1.4ms)[0m  [1mSELECT "schema_migrations".* FROM "schema_migrations"[0m
Processing by Rails::WelcomeController#index as HTML
  Rendered /home/zach/.rvm/gems/ruby-2.1.2/gems/railties-4.1.4/lib/rails/templates/rails/welcome/index.html.erb (4.1ms)
Completed 200 OK in 46ms (Views: 21.7ms | ActiveRecord: 0.0ms)


Started GET "/skills" for 127.0.0.1 at 2014-08-07 16:03:53 -0600
Processing by SkillsController#index as HTML
  [1m[35mSkill Load (1.2ms)[0m  SELECT "skills".* FROM "skills"
  Rendered skills/index.html.erb within layouts/application (10.6ms)
Completed 200 OK in 2371ms (Views: 2357.1ms | ActiveRecord: 1.2ms)


Started GET "/assets/scaffolds.css?body=1" for 127.0.0.1 at 2014-08-07 16:03:56 -0600


Started GET "/assets/skills.css?body=1" for 127.0.0.1 at 2014-08-07 16:03:56 -0600


Started GET "/assets/tools.css?body=1" for 127.0.0.1 at 2014-08-07 16:03:56 -0600


Started GET "/assets/application.css?body=1" for 127.0.0.1 at 2014-08-07 16:03:56 -0600


Started GET "/assets/jquery.js?body=1" for 127.0.0.1 at 2014-08-07 16:03:56 -0600


Started GET "/assets/jquery_ujs.js?body=1" for 127.0.0.1 at 2014-08-07 16:03:56 -0600


Started GET "/assets/turbolinks.js?body=1" for 127.0.0.1 at 2014-08-07 16:03:56 -0600


Started GET "/assets/skills.js?body=1" for 127.0.0.1 at 2014-08-07 16:03:56 -0600


Started GET "/assets/tools.js?body=1" for 127.0.0.1 at 2014-08-07 16:03:56 -0600


Started GET "/assets/application.js?body=1" for 127.0.0.1 at 2014-08-07 16:03:56 -0600


Started GET "/skills/new" for 127.0.0.1 at 2014-08-07 16:04:00 -0600
Processing by SkillsController#new as HTML
  Rendered skills/_form.html.erb (69.5ms)
  Rendered skills/new.html.erb within layouts/application (82.2ms)
Completed 200 OK in 109ms (Views: 95.5ms | ActiveRecord: 7.9ms)


Started POST "/skills" for 127.0.0.1 at 2014-08-07 16:04:09 -0600
Processing by SkillsController#create as HTML
  Parameters: {"utf8"=>"✓", "authenticity_token"=>"1DZQJTZB9jX5rZ8yT7YPp6lVUlXqpDQ8P25UOZXqdTU=", "skill"=>{"title"=>"Web Development"}, "commit"=>"Create Skill"}
  [1m[36m (0.7ms)[0m  [1mBEGIN[0m
  [1m[35mSQL (41.8ms)[0m  INSERT INTO "skills" ("created_at", "title", "updated_at") VALUES ($1, $2, $3) RETURNING "id"  [["created_at", "2014-08-07 22:04:09.681785"], ["title", "Web Development"], ["updated_at", "2014-08-07 22:04:09.681785"]]
  [1m[36m (85.2ms)[0m  [1mCOMMIT[0m
Redirected to http://localhost:3000/skills/1
Completed 302 Found in 147ms (ActiveRecord: 130.6ms)


Started GET "/skills/1" for 127.0.0.1 at 2014-08-07 16:04:09 -0600
Processing by SkillsController#show as HTML
  Parameters: {"id"=>"1"}
  [1m[35mSkill Load (1.3ms)[0m  SELECT  "skills".* FROM "skills"  WHERE "skills"."id" = $1 LIMIT 1  [["id", 1]]
  Rendered skills/show.html.erb within layouts/application (2.7ms)
Completed 200 OK in 25ms (Views: 15.8ms | ActiveRecord: 1.3ms)


Started GET "/assets/scaffolds.css?body=1" for 127.0.0.1 at 2014-08-07 16:04:09 -0600


Started GET "/assets/skills.css?body=1" for 127.0.0.1 at 2014-08-07 16:04:10 -0600


Started GET "/assets/jquery.js?body=1" for 127.0.0.1 at 2014-08-07 16:04:10 -0600


Started GET "/assets/jquery_ujs.js?body=1" for 127.0.0.1 at 2014-08-07 16:04:10 -0600


Started GET "/assets/tools.css?body=1" for 127.0.0.1 at 2014-08-07 16:04:10 -0600


Started GET "/assets/application.css?body=1" for 127.0.0.1 at 2014-08-07 16:04:10 -0600


Started GET "/assets/turbolinks.js?body=1" for 127.0.0.1 at 2014-08-07 16:04:10 -0600


Started GET "/assets/skills.js?body=1" for 127.0.0.1 at 2014-08-07 16:04:10 -0600


Started GET "/assets/tools.js?body=1" for 127.0.0.1 at 2014-08-07 16:04:10 -0600


Started GET "/assets/application.js?body=1" for 127.0.0.1 at 2014-08-07 16:04:10 -0600


Started GET "/tools" for 127.0.0.1 at 2014-08-07 16:04:15 -0600
Processing by ToolsController#index as HTML
  [1m[36mTool Load (1.3ms)[0m  [1mSELECT "tools".* FROM "tools"[0m
  Rendered tools/index.html.erb within layouts/application (4.5ms)
Completed 200 OK in 28ms (Views: 21.6ms | ActiveRecord: 1.3ms)


Started GET "/assets/scaffolds.css?body=1" for 127.0.0.1 at 2014-08-07 16:04:16 -0600


Started GET "/assets/tools.css?body=1" for 127.0.0.1 at 2014-08-07 16:04:16 -0600


Started GET "/assets/application.css?body=1" for 127.0.0.1 at 2014-08-07 16:04:16 -0600


Started GET "/assets/skills.css?body=1" for 127.0.0.1 at 2014-08-07 16:04:16 -0600


Started GET "/assets/jquery.js?body=1" for 127.0.0.1 at 2014-08-07 16:04:16 -0600


Started GET "/assets/jquery_ujs.js?body=1" for 127.0.0.1 at 2014-08-07 16:04:16 -0600


Started GET "/assets/tools.js?body=1" for 127.0.0.1 at 2014-08-07 16:04:16 -0600


Started GET "/assets/turbolinks.js?body=1" for 127.0.0.1 at 2014-08-07 16:04:16 -0600


Started GET "/assets/application.js?body=1" for 127.0.0.1 at 2014-08-07 16:04:16 -0600


Started GET "/assets/skills.js?body=1" for 127.0.0.1 at 2014-08-07 16:04:16 -0600


Started GET "/tools/" for 127.0.0.1 at 2014-08-07 16:04:20 -0600
Processing by ToolsController#index as HTML
  [1m[35mTool Load (1.0ms)[0m  SELECT "tools".* FROM "tools"
  Rendered tools/index.html.erb within layouts/application (2.5ms)
Completed 200 OK in 15ms (Views: 12.9ms | ActiveRecord: 1.0ms)


Started GET "/assets/scaffolds.css?body=1" for 127.0.0.1 at 2014-08-07 16:04:20 -0600


Started GET "/assets/skills.css?body=1" for 127.0.0.1 at 2014-08-07 16:04:20 -0600


Started GET "/assets/tools.css?body=1" for 127.0.0.1 at 2014-08-07 16:04:20 -0600


Started GET "/assets/application.css?body=1" for 127.0.0.1 at 2014-08-07 16:04:20 -0600


Started GET "/assets/jquery.js?body=1" for 127.0.0.1 at 2014-08-07 16:04:20 -0600


Started GET "/assets/jquery_ujs.js?body=1" for 127.0.0.1 at 2014-08-07 16:04:20 -0600


Started GET "/assets/tools.js?body=1" for 127.0.0.1 at 2014-08-07 16:04:20 -0600


Started GET "/assets/skills.js?body=1" for 127.0.0.1 at 2014-08-07 16:04:20 -0600


Started GET "/assets/application.js?body=1" for 127.0.0.1 at 2014-08-07 16:04:20 -0600


Started GET "/assets/turbolinks.js?body=1" for 127.0.0.1 at 2014-08-07 16:04:20 -0600


Started GET "/tools/new" for 127.0.0.1 at 2014-08-07 16:04:22 -0600
Processing by ToolsController#new as HTML
  Rendered tools/_form.html.erb (14.1ms)
  Rendered tools/new.html.erb within layouts/application (17.7ms)
Completed 200 OK in 44ms (Views: 33.3ms | ActiveRecord: 7.5ms)


Started POST "/tools" for 127.0.0.1 at 2014-08-07 16:04:29 -0600
Processing by ToolsController#create as HTML
  Parameters: {"utf8"=>"✓", "authenticity_token"=>"1DZQJTZB9jX5rZ8yT7YPp6lVUlXqpDQ8P25UOZXqdTU=", "tool"=>{"title"=>"Computer Mouse"}, "commit"=>"Create Tool"}
  [1m[36m (0.6ms)[0m  [1mBEGIN[0m
  [1m[35mSQL (1.4ms)[0m  INSERT INTO "tools" ("created_at", "title", "updated_at") VALUES ($1, $2, $3) RETURNING "id"  [["created_at", "2014-08-07 22:04:29.794895"], ["title", "Computer Mouse"], ["updated_at", "2014-08-07 22:04:29.794895"]]
  [1m[36m (44.7ms)[0m  [1mCOMMIT[0m
Redirected to http://localhost:3000/tools/1
Completed 302 Found in 56ms (ActiveRecord: 46.6ms)


Started GET "/tools/1" for 127.0.0.1 at 2014-08-07 16:04:29 -0600
Processing by ToolsController#show as HTML
  Parameters: {"id"=>"1"}
  [1m[35mTool Load (1.0ms)[0m  SELECT  "tools".* FROM "tools"  WHERE "tools"."id" = $1 LIMIT 1  [["id", 1]]
  Rendered tools/show.html.erb within layouts/application (2.3ms)
Completed 200 OK in 26ms (Views: 16.7ms | ActiveRecord: 1.0ms)


Started GET "/assets/scaffolds.css?body=1" for 127.0.0.1 at 2014-08-07 16:04:30 -0600


Started GET "/assets/skills.css?body=1" for 127.0.0.1 at 2014-08-07 16:04:30 -0600


Started GET "/assets/tools.css?body=1" for 127.0.0.1 at 2014-08-07 16:04:30 -0600


Started GET "/assets/application.css?body=1" for 127.0.0.1 at 2014-08-07 16:04:30 -0600


Started GET "/assets/jquery_ujs.js?body=1" for 127.0.0.1 at 2014-08-07 16:04:30 -0600


Started GET "/assets/skills.js?body=1" for 127.0.0.1 at 2014-08-07 16:04:30 -0600


Started GET "/assets/jquery.js?body=1" for 127.0.0.1 at 2014-08-07 16:04:30 -0600


Started GET "/assets/tools.js?body=1" for 127.0.0.1 at 2014-08-07 16:04:30 -0600


Started GET "/assets/turbolinks.js?body=1" for 127.0.0.1 at 2014-08-07 16:04:30 -0600


Started GET "/assets/application.js?body=1" for 127.0.0.1 at 2014-08-07 16:04:30 -0600


Started GET "/" for 127.0.0.1 at 2014-08-07 16:04:34 -0600
Processing by Rails::WelcomeController#index as HTML
  Rendered /home/zach/.rvm/gems/ruby-2.1.2/gems/railties-4.1.4/lib/rails/templates/rails/welcome/index.html.erb (0.2ms)
Completed 200 OK in 4ms (Views: 3.0ms | ActiveRecord: 0.0ms)


Started GET "/" for 127.0.0.1 at 2014-08-07 16:17:32 -0600
  [1m[36mActiveRecord::SchemaMigration Load (1.3ms)[0m  [1mSELECT "schema_migrations".* FROM "schema_migrations"[0m

AbstractController::ActionNotFound (The action 'index' could not be found for HomeController):
  actionpack (4.1.4) lib/abstract_controller/base.rb:131:in `process'
  actionview (4.1.4) lib/action_view/rendering.rb:30:in `process'
  actionpack (4.1.4) lib/action_controller/metal.rb:196:in `dispatch'
  actionpack (4.1.4) lib/action_controller/metal/rack_delegation.rb:13:in `dispatch'
  actionpack (4.1.4) lib/action_controller/metal.rb:232:in `block in action'
  actionpack (4.1.4) lib/action_dispatch/routing/route_set.rb:82:in `call'
  actionpack (4.1.4) lib/action_dispatch/routing/route_set.rb:82:in `dispatch'
  actionpack (4.1.4) lib/action_dispatch/routing/route_set.rb:50:in `call'
  actionpack (4.1.4) lib/action_dispatch/journey/router.rb:71:in `block in call'
  actionpack (4.1.4) lib/action_dispatch/journey/router.rb:59:in `each'
  actionpack (4.1.4) lib/action_dispatch/journey/router.rb:59:in `call'
  actionpack (4.1.4) lib/action_dispatch/routing/route_set.rb:678:in `call'
  rack (1.5.2) lib/rack/etag.rb:23:in `call'
  rack (1.5.2) lib/rack/conditionalget.rb:25:in `call'
  rack (1.5.2) lib/rack/head.rb:11:in `call'
  actionpack (4.1.4) lib/action_dispatch/middleware/params_parser.rb:27:in `call'
  actionpack (4.1.4) lib/action_dispatch/middleware/flash.rb:254:in `call'
  rack (1.5.2) lib/rack/session/abstract/id.rb:225:in `context'
  rack (1.5.2) lib/rack/session/abstract/id.rb:220:in `call'
  actionpack (4.1.4) lib/action_dispatch/middleware/cookies.rb:560:in `call'
  activerecord (4.1.4) lib/active_record/query_cache.rb:36:in `call'
  activerecord (4.1.4) lib/active_record/connection_adapters/abstract/connection_pool.rb:621:in `call'
  activerecord (4.1.4) lib/active_record/migration.rb:380:in `call'
  actionpack (4.1.4) lib/action_dispatch/middleware/callbacks.rb:29:in `block in call'
  activesupport (4.1.4) lib/active_support/callbacks.rb:82:in `run_callbacks'
  actionpack (4.1.4) lib/action_dispatch/middleware/callbacks.rb:27:in `call'
  actionpack (4.1.4) lib/action_dispatch/middleware/reloader.rb:73:in `call'
  actionpack (4.1.4) lib/action_dispatch/middleware/remote_ip.rb:76:in `call'
  actionpack (4.1.4) lib/action_dispatch/middleware/debug_exceptions.rb:17:in `call'
  actionpack (4.1.4) lib/action_dispatch/middleware/show_exceptions.rb:30:in `call'
  railties (4.1.4) lib/rails/rack/logger.rb:38:in `call_app'
  railties (4.1.4) lib/rails/rack/logger.rb:20:in `block in call'
  activesupport (4.1.4) lib/active_support/tagged_logging.rb:68:in `block in tagged'
  activesupport (4.1.4) lib/active_support/tagged_logging.rb:26:in `tagged'
  activesupport (4.1.4) lib/active_support/tagged_logging.rb:68:in `tagged'
  railties (4.1.4) lib/rails/rack/logger.rb:20:in `call'
  actionpack (4.1.4) lib/action_dispatch/middleware/request_id.rb:21:in `call'
  rack (1.5.2) lib/rack/methodoverride.rb:21:in `call'
  rack (1.5.2) lib/rack/runtime.rb:17:in `call'
  activesupport (4.1.4) lib/active_support/cache/strategy/local_cache_middleware.rb:26:in `call'
  rack (1.5.2) lib/rack/lock.rb:17:in `call'
  actionpack (4.1.4) lib/action_dispatch/middleware/static.rb:64:in `call'
  rack (1.5.2) lib/rack/sendfile.rb:112:in `call'
  railties (4.1.4) lib/rails/engine.rb:514:in `call'
  railties (4.1.4) lib/rails/application.rb:144:in `call'
  rack (1.5.2) lib/rack/lock.rb:17:in `call'
  rack (1.5.2) lib/rack/content_length.rb:14:in `call'
  rack (1.5.2) lib/rack/handler/webrick.rb:60:in `service'
  /home/zach/.rvm/rubies/ruby-2.1.2/lib/ruby/2.1.0/webrick/httpserver.rb:138:in `service'
  /home/zach/.rvm/rubies/ruby-2.1.2/lib/ruby/2.1.0/webrick/httpserver.rb:94:in `run'
  /home/zach/.rvm/rubies/ruby-2.1.2/lib/ruby/2.1.0/webrick/server.rb:295:in `block in start_thread'


  Rendered /home/zach/.rvm/gems/ruby-2.1.2/gems/actionpack-4.1.4/lib/action_dispatch/middleware/templates/rescues/unknown_action.html.erb within rescues/layout (2.8ms)


Started GET "/" for 127.0.0.1 at 2014-08-07 16:18:49 -0600
  [1m[36mActiveRecord::SchemaMigration Load (1.5ms)[0m  [1mSELECT "schema_migrations".* FROM "schema_migrations"[0m
Processing by HomeController#index as HTML
Completed 500 Internal Server Error in 34ms

ActionView::MissingTemplate (Missing template home/index, application/index with {:locale=>[:en], :formats=>[:html], :variants=>[], :handlers=>[:erb, :builder, :raw, :ruby, :jbuilder, :coffee]}. Searched in:
  * "/home/zach/HandCoOp/project/HandCo-op/app/views"
):
  actionview (4.1.4) lib/action_view/path_set.rb:46:in `find'
  actionview (4.1.4) lib/action_view/lookup_context.rb:124:in `find'
  actionview (4.1.4) lib/action_view/renderer/abstract_renderer.rb:18:in `find_template'
  actionview (4.1.4) lib/action_view/renderer/template_renderer.rb:41:in `determine_template'
  actionview (4.1.4) lib/action_view/renderer/template_renderer.rb:8:in `render'
  actionview (4.1.4) lib/action_view/renderer/renderer.rb:42:in `render_template'
  actionview (4.1.4) lib/action_view/renderer/renderer.rb:23:in `render'
  actionview (4.1.4) lib/action_view/rendering.rb:99:in `_render_template'
  actionpack (4.1.4) lib/action_controller/metal/streaming.rb:217:in `_render_template'
  actionview (4.1.4) lib/action_view/rendering.rb:82:in `render_to_body'
  actionpack (4.1.4) lib/action_controller/metal/rendering.rb:32:in `render_to_body'
  actionpack (4.1.4) lib/action_controller/metal/renderers.rb:32:in `render_to_body'
  actionpack (4.1.4) lib/abstract_controller/rendering.rb:25:in `render'
  actionpack (4.1.4) lib/action_controller/metal/rendering.rb:16:in `render'
  actionpack (4.1.4) lib/action_controller/metal/instrumentation.rb:41:in `block (2 levels) in render'
  activesupport (4.1.4) lib/active_support/core_ext/benchmark.rb:12:in `block in ms'
  /home/zach/.rvm/rubies/ruby-2.1.2/lib/ruby/2.1.0/benchmark.rb:294:in `realtime'
  activesupport (4.1.4) lib/active_support/core_ext/benchmark.rb:12:in `ms'
  actionpack (4.1.4) lib/action_controller/metal/instrumentation.rb:41:in `block in render'
  actionpack (4.1.4) lib/action_controller/metal/instrumentation.rb:84:in `cleanup_view_runtime'
  activerecord (4.1.4) lib/active_record/railties/controller_runtime.rb:25:in `cleanup_view_runtime'
  actionpack (4.1.4) lib/action_controller/metal/instrumentation.rb:40:in `render'
  actionpack (4.1.4) lib/action_controller/metal/implicit_render.rb:10:in `default_render'
  actionpack (4.1.4) lib/action_controller/metal/implicit_render.rb:5:in `send_action'
  actionpack (4.1.4) lib/abstract_controller/base.rb:189:in `process_action'
  actionpack (4.1.4) lib/action_controller/metal/rendering.rb:10:in `process_action'
  actionpack (4.1.4) lib/abstract_controller/callbacks.rb:20:in `block in process_action'
  activesupport (4.1.4) lib/active_support/callbacks.rb:113:in `call'
  activesupport (4.1.4) lib/active_support/callbacks.rb:113:in `call'
  activesupport (4.1.4) lib/active_support/callbacks.rb:229:in `block in halting'
  activesupport (4.1.4) lib/active_support/callbacks.rb:229:in `call'
  activesupport (4.1.4) lib/active_support/callbacks.rb:229:in `block in halting'
  activesupport (4.1.4) lib/active_support/callbacks.rb:166:in `call'
  activesupport (4.1.4) lib/active_support/callbacks.rb:166:in `block in halting'
  activesupport (4.1.4) lib/active_support/callbacks.rb:166:in `call'
  activesupport (4.1.4) lib/active_support/callbacks.rb:166:in `block in halting'
  activesupport (4.1.4) lib/active_support/callbacks.rb:166:in `call'
  activesupport (4.1.4) lib/active_support/callbacks.rb:166:in `block in halting'
  activesupport (4.1.4) lib/active_support/callbacks.rb:86:in `call'
  activesupport (4.1.4) lib/active_support/callbacks.rb:86:in `run_callbacks'
  actionpack (4.1.4) lib/abstract_controller/callbacks.rb:19:in `process_action'
  actionpack (4.1.4) lib/action_controller/metal/rescue.rb:29:in `process_action'
  actionpack (4.1.4) lib/action_controller/metal/instrumentation.rb:31:in `block in process_action'
  activesupport (4.1.4) lib/active_support/notifications.rb:159:in `block in instrument'
  activesupport (4.1.4) lib/active_support/notifications/instrumenter.rb:20:in `instrument'
  activesupport (4.1.4) lib/active_support/notifications.rb:159:in `instrument'
  actionpack (4.1.4) lib/action_controller/metal/instrumentation.rb:30:in `process_action'
  actionpack (4.1.4) lib/action_controller/metal/params_wrapper.rb:250:in `process_action'
  activerecord (4.1.4) lib/active_record/railties/controller_runtime.rb:18:in `process_action'
  actionpack (4.1.4) lib/abstract_controller/base.rb:136:in `process'
  actionview (4.1.4) lib/action_view/rendering.rb:30:in `process'
  actionpack (4.1.4) lib/action_controller/metal.rb:196:in `dispatch'
  actionpack (4.1.4) lib/action_controller/metal/rack_delegation.rb:13:in `dispatch'
  actionpack (4.1.4) lib/action_controller/metal.rb:232:in `block in action'
  actionpack (4.1.4) lib/action_dispatch/routing/route_set.rb:82:in `call'
  actionpack (4.1.4) lib/action_dispatch/routing/route_set.rb:82:in `dispatch'
  actionpack (4.1.4) lib/action_dispatch/routing/route_set.rb:50:in `call'
  actionpack (4.1.4) lib/action_dispatch/journey/router.rb:71:in `block in call'
  actionpack (4.1.4) lib/action_dispatch/journey/router.rb:59:in `each'
  actionpack (4.1.4) lib/action_dispatch/journey/router.rb:59:in `call'
  actionpack (4.1.4) lib/action_dispatch/routing/route_set.rb:678:in `call'
  rack (1.5.2) lib/rack/etag.rb:23:in `call'
  rack (1.5.2) lib/rack/conditionalget.rb:25:in `call'
  rack (1.5.2) lib/rack/head.rb:11:in `call'
  actionpack (4.1.4) lib/action_dispatch/middleware/params_parser.rb:27:in `call'
  actionpack (4.1.4) lib/action_dispatch/middleware/flash.rb:254:in `call'
  rack (1.5.2) lib/rack/session/abstract/id.rb:225:in `context'
  rack (1.5.2) lib/rack/session/abstract/id.rb:220:in `call'
  actionpack (4.1.4) lib/action_dispatch/middleware/cookies.rb:560:in `call'
  activerecord (4.1.4) lib/active_record/query_cache.rb:36:in `call'
  activerecord (4.1.4) lib/active_record/connection_adapters/abstract/connection_pool.rb:621:in `call'
  activerecord (4.1.4) lib/active_record/migration.rb:380:in `call'
  actionpack (4.1.4) lib/action_dispatch/middleware/callbacks.rb:29:in `block in call'
  activesupport (4.1.4) lib/active_support/callbacks.rb:82:in `run_callbacks'
  actionpack (4.1.4) lib/action_dispatch/middleware/callbacks.rb:27:in `call'
  actionpack (4.1.4) lib/action_dispatch/middleware/reloader.rb:73:in `call'
  actionpack (4.1.4) lib/action_dispatch/middleware/remote_ip.rb:76:in `call'
  actionpack (4.1.4) lib/action_dispatch/middleware/debug_exceptions.rb:17:in `call'
  actionpack (4.1.4) lib/action_dispatch/middleware/show_exceptions.rb:30:in `call'
  railties (4.1.4) lib/rails/rack/logger.rb:38:in `call_app'
  railties (4.1.4) lib/rails/rack/logger.rb:20:in `block in call'
  activesupport (4.1.4) lib/active_support/tagged_logging.rb:68:in `block in tagged'
  activesupport (4.1.4) lib/active_support/tagged_logging.rb:26:in `tagged'
  activesupport (4.1.4) lib/active_support/tagged_logging.rb:68:in `tagged'
  railties (4.1.4) lib/rails/rack/logger.rb:20:in `call'
  actionpack (4.1.4) lib/action_dispatch/middleware/request_id.rb:21:in `call'
  rack (1.5.2) lib/rack/methodoverride.rb:21:in `call'
  rack (1.5.2) lib/rack/runtime.rb:17:in `call'
  activesupport (4.1.4) lib/active_support/cache/strategy/local_cache_middleware.rb:26:in `call'
  rack (1.5.2) lib/rack/lock.rb:17:in `call'
  actionpack (4.1.4) lib/action_dispatch/middleware/static.rb:64:in `call'
  rack (1.5.2) lib/rack/sendfile.rb:112:in `call'
  railties (4.1.4) lib/rails/engine.rb:514:in `call'
  railties (4.1.4) lib/rails/application.rb:144:in `call'
  rack (1.5.2) lib/rack/lock.rb:17:in `call'
  rack (1.5.2) lib/rack/content_length.rb:14:in `call'
  rack (1.5.2) lib/rack/handler/webrick.rb:60:in `service'
  /home/zach/.rvm/rubies/ruby-2.1.2/lib/ruby/2.1.0/webrick/httpserver.rb:138:in `service'
  /home/zach/.rvm/rubies/ruby-2.1.2/lib/ruby/2.1.0/webrick/httpserver.rb:94:in `run'
  /home/zach/.rvm/rubies/ruby-2.1.2/lib/ruby/2.1.0/webrick/server.rb:295:in `block in start_thread'


  Rendered /home/zach/.rvm/gems/ruby-2.1.2/gems/actionpack-4.1.4/lib/action_dispatch/middleware/templates/rescues/missing_template.html.erb within rescues/layout (3.1ms)


Started GET "/" for 127.0.0.1 at 2014-08-07 16:22:09 -0600
  [1m[36mActiveRecord::SchemaMigration Load (1.2ms)[0m  [1mSELECT "schema_migrations".* FROM "schema_migrations"[0m
Processing by HomeController#index as HTML
  Rendered home/index.html.erb within layouts/application (1.7ms)
Completed 500 Internal Server Error in 35ms

SyntaxError (/home/zach/HandCoOp/project/HandCo-op/app/views/home/index.html.erb:2: syntax error, unexpected tIDENTIFIER, expecting keyword_do or '{' or '('
...er.append=( If you see me, I am alive! );@output_buffer.safe...
...                               ^):
  app/views/home/index.html.erb:2: syntax error, unexpected tIDENTIFIER, expecting keyword_do or '{' or '('


  Rendered /home/zach/.rvm/gems/ruby-2.1.2/gems/actionpack-4.1.4/lib/action_dispatch/middleware/templates/rescues/_source.erb (2.1ms)
  Rendered /home/zach/.rvm/gems/ruby-2.1.2/gems/actionpack-4.1.4/lib/action_dispatch/middleware/templates/rescues/_trace.html.erb (3.4ms)
  Rendered /home/zach/.rvm/gems/ruby-2.1.2/gems/actionpack-4.1.4/lib/action_dispatch/middleware/templates/rescues/_request_and_response.html.erb (2.7ms)
  Rendered /home/zach/.rvm/gems/ruby-2.1.2/gems/actionpack-4.1.4/lib/action_dispatch/middleware/templates/rescues/diagnostics.erb within rescues/layout (32.2ms)


Started GET "/" for 127.0.0.1 at 2014-08-07 16:24:01 -0600
  [1m[36mActiveRecord::SchemaMigration Load (1.4ms)[0m  [1mSELECT "schema_migrations".* FROM "schema_migrations"[0m
Processing by HomeController#index as HTML
  Rendered home/index.html.erb within layouts/application (3.1ms)
Completed 200 OK in 486ms (Views: 467.6ms | ActiveRecord: 0.0ms)


Started GET "/assets/home.css?body=1" for 127.0.0.1 at 2014-08-07 16:24:02 -0600


Started GET "/assets/scaffolds.css?body=1" for 127.0.0.1 at 2014-08-07 16:24:03 -0600


Started GET "/assets/skills.css?body=1" for 127.0.0.1 at 2014-08-07 16:24:03 -0600


Started GET "/assets/tools.css?body=1" for 127.0.0.1 at 2014-08-07 16:24:03 -0600


Started GET "/assets/application.css?body=1" for 127.0.0.1 at 2014-08-07 16:24:03 -0600


Started GET "/assets/jquery.js?body=1" for 127.0.0.1 at 2014-08-07 16:24:03 -0600


Started GET "/assets/jquery_ujs.js?body=1" for 127.0.0.1 at 2014-08-07 16:24:03 -0600


Started GET "/assets/turbolinks.js?body=1" for 127.0.0.1 at 2014-08-07 16:24:03 -0600


Started GET "/assets/home.js?body=1" for 127.0.0.1 at 2014-08-07 16:24:03 -0600


Started GET "/assets/tools.js?body=1" for 127.0.0.1 at 2014-08-07 16:24:03 -0600


Started GET "/assets/skills.js?body=1" for 127.0.0.1 at 2014-08-07 16:24:03 -0600


Started GET "/assets/application.js?body=1" for 127.0.0.1 at 2014-08-07 16:24:03 -0600


Started GET "/skills" for 127.0.0.1 at 2014-08-07 16:24:08 -0600
Processing by SkillsController#index as HTML
  [1m[35mSkill Load (1.6ms)[0m  SELECT "skills".* FROM "skills"
  Rendered skills/index.html.erb within layouts/application (22.5ms)
Completed 200 OK in 45ms (Views: 32.0ms | ActiveRecord: 7.1ms)


Started GET "/assets/home.css?body=1" for 127.0.0.1 at 2014-08-07 16:24:08 -0600


Started GET "/assets/scaffolds.css?body=1" for 127.0.0.1 at 2014-08-07 16:24:08 -0600


Started GET "/assets/skills.css?body=1" for 127.0.0.1 at 2014-08-07 16:24:08 -0600


Started GET "/assets/application.css?body=1" for 127.0.0.1 at 2014-08-07 16:24:08 -0600


Started GET "/assets/turbolinks.js?body=1" for 127.0.0.1 at 2014-08-07 16:24:08 -0600


Started GET "/assets/jquery_ujs.js?body=1" for 127.0.0.1 at 2014-08-07 16:24:08 -0600


Started GET "/assets/tools.css?body=1" for 127.0.0.1 at 2014-08-07 16:24:08 -0600


Started GET "/assets/jquery.js?body=1" for 127.0.0.1 at 2014-08-07 16:24:08 -0600


Started GET "/assets/home.js?body=1" for 127.0.0.1 at 2014-08-07 16:24:08 -0600


Started GET "/assets/skills.js?body=1" for 127.0.0.1 at 2014-08-07 16:24:08 -0600


Started GET "/assets/tools.js?body=1" for 127.0.0.1 at 2014-08-07 16:24:08 -0600


Started GET "/assets/application.js?body=1" for 127.0.0.1 at 2014-08-07 16:24:08 -0600


Started GET "/" for 127.0.0.1 at 2014-08-09 11:47:18 -0600
  [1m[36mActiveRecord::SchemaMigration Load (49.3ms)[0m  [1mSELECT "schema_migrations".* FROM "schema_migrations"[0m
Processing by HomeController#index as HTML
  Rendered home/index.html.erb within layouts/application (3.3ms)
Completed 200 OK in 362ms (Views: 315.7ms | ActiveRecord: 0.0ms)


Started GET "/" for 127.0.0.1 at 2014-08-09 11:47:20 -0600
Processing by HomeController#index as HTML
  Rendered home/index.html.erb within layouts/application (0.1ms)
Completed 200 OK in 17ms (Views: 16.1ms | ActiveRecord: 0.0ms)


Started GET "/assets/home.css?body=1" for 127.0.0.1 at 2014-08-09 11:47:20 -0600


Started GET "/assets/scaffolds.css?body=1" for 127.0.0.1 at 2014-08-09 11:47:20 -0600


Started GET "/assets/skills.css?body=1" for 127.0.0.1 at 2014-08-09 11:47:20 -0600


Started GET "/assets/tools.css?body=1" for 127.0.0.1 at 2014-08-09 11:47:20 -0600


Started GET "/assets/application.css?body=1" for 127.0.0.1 at 2014-08-09 11:47:21 -0600


Started GET "/assets/jquery.js?body=1" for 127.0.0.1 at 2014-08-09 11:47:21 -0600


Started GET "/assets/jquery_ujs.js?body=1" for 127.0.0.1 at 2014-08-09 11:47:21 -0600


Started GET "/assets/turbolinks.js?body=1" for 127.0.0.1 at 2014-08-09 11:47:21 -0600


Started GET "/assets/home.js?body=1" for 127.0.0.1 at 2014-08-09 11:47:21 -0600


Started GET "/assets/skills.js?body=1" for 127.0.0.1 at 2014-08-09 11:47:21 -0600


Started GET "/assets/tools.js?body=1" for 127.0.0.1 at 2014-08-09 11:47:21 -0600


Started GET "/assets/application.js?body=1" for 127.0.0.1 at 2014-08-09 11:47:21 -0600


Started GET "/skills" for 127.0.0.1 at 2014-08-09 11:47:24 -0600
Processing by SkillsController#index as HTML
  [1m[35mSkill Load (231.3ms)[0m  SELECT "skills".* FROM "skills"
  Rendered skills/index.html.erb within layouts/application (255.3ms)
Completed 200 OK in 491ms (Views: 175.4ms | ActiveRecord: 237.7ms)


Started GET "/assets/home.css?body=1" for 127.0.0.1 at 2014-08-09 11:47:25 -0600


Started GET "/assets/skills.css?body=1" for 127.0.0.1 at 2014-08-09 11:47:25 -0600


Started GET "/assets/scaffolds.css?body=1" for 127.0.0.1 at 2014-08-09 11:47:25 -0600


Started GET "/assets/tools.css?body=1" for 127.0.0.1 at 2014-08-09 11:47:25 -0600


Started GET "/assets/application.css?body=1" for 127.0.0.1 at 2014-08-09 11:47:25 -0600


Started GET "/assets/jquery.js?body=1" for 127.0.0.1 at 2014-08-09 11:47:25 -0600


Started GET "/assets/jquery_ujs.js?body=1" for 127.0.0.1 at 2014-08-09 11:47:25 -0600


Started GET "/assets/turbolinks.js?body=1" for 127.0.0.1 at 2014-08-09 11:47:25 -0600


Started GET "/assets/home.js?body=1" for 127.0.0.1 at 2014-08-09 11:47:25 -0600


Started GET "/assets/skills.js?body=1" for 127.0.0.1 at 2014-08-09 11:47:25 -0600


Started GET "/assets/tools.js?body=1" for 127.0.0.1 at 2014-08-09 11:47:25 -0600


Started GET "/assets/application.js?body=1" for 127.0.0.1 at 2014-08-09 11:47:25 -0600


Started GET "/skills" for 127.0.0.1 at 2014-08-09 11:51:17 -0600
  [1m[36mActiveRecord::SchemaMigration Load (1.6ms)[0m  [1mSELECT "schema_migrations".* FROM "schema_migrations"[0m
Processing by SkillsController#index as HTML
  [1m[35mSkill Load (1.7ms)[0m  SELECT "skills".* FROM "skills"
  Rendered skills/index.html.erb within layouts/application (24.8ms)
Completed 200 OK in 169ms (Views: 138.4ms | ActiveRecord: 7.7ms)


Started GET "/assets/home.css?body=1" for 127.0.0.1 at 2014-08-09 11:51:18 -0600


Started GET "/assets/scaffolds.css?body=1" for 127.0.0.1 at 2014-08-09 11:51:18 -0600


Started GET "/assets/skills.css?body=1" for 127.0.0.1 at 2014-08-09 11:51:18 -0600


Started GET "/assets/tools.css?body=1" for 127.0.0.1 at 2014-08-09 11:51:18 -0600


Started GET "/assets/jquery.js?body=1" for 127.0.0.1 at 2014-08-09 11:51:18 -0600


Started GET "/assets/skills.js?body=1" for 127.0.0.1 at 2014-08-09 11:51:18 -0600


Started GET "/assets/turbolinks.js?body=1" for 127.0.0.1 at 2014-08-09 11:51:18 -0600


Started GET "/assets/jquery_ujs.js?body=1" for 127.0.0.1 at 2014-08-09 11:51:18 -0600


Started GET "/assets/home.js?body=1" for 127.0.0.1 at 2014-08-09 11:51:18 -0600


Started GET "/assets/application.css?body=1" for 127.0.0.1 at 2014-08-09 11:51:18 -0600


Started GET "/assets/tools.js?body=1" for 127.0.0.1 at 2014-08-09 11:51:18 -0600


Started GET "/assets/application.js?body=1" for 127.0.0.1 at 2014-08-09 11:51:18 -0600


Started GET "/skills/new" for 127.0.0.1 at 2014-08-09 11:51:20 -0600
Processing by SkillsController#new as HTML
  Rendered skills/_form.html.erb (79.7ms)
  Rendered skills/new.html.erb within layouts/application (116.2ms)
Completed 200 OK in 143ms (Views: 140.7ms | ActiveRecord: 0.0ms)


Started POST "/skills" for 127.0.0.1 at 2014-08-09 11:51:38 -0600
Processing by SkillsController#create as HTML
  Parameters: {"utf8"=>"✓", "authenticity_token"=>"rHkwvO9lVMvA79b62bOXYkdaNQEtmAXaGvrfECiQw88=", "skill"=>{"title"=>"Dancing"}, "commit"=>"Create Skill"}
  [1m[36m (1.3ms)[0m  [1mBEGIN[0m
  [1m[35mSQL (106.7ms)[0m  INSERT INTO "skills" ("created_at", "title", "updated_at") VALUES ($1, $2, $3) RETURNING "id"  [["created_at", "2014-08-09 17:51:38.980480"], ["title", "Dancing"], ["updated_at", "2014-08-09 17:51:38.980480"]]
  [1m[36m (66.9ms)[0m  [1mCOMMIT[0m
Redirected to http://localhost:3000/skills/2
Completed 302 Found in 253ms (ActiveRecord: 176.0ms)


Started GET "/skills/2" for 127.0.0.1 at 2014-08-09 11:51:39 -0600
Processing by SkillsController#show as HTML
  Parameters: {"id"=>"2"}
  [1m[35mSkill Load (1.4ms)[0m  SELECT  "skills".* FROM "skills"  WHERE "skills"."id" = $1 LIMIT 1  [["id", 2]]
  Rendered skills/show.html.erb within layouts/application (2.8ms)
Completed 200 OK in 29ms (Views: 20.0ms | ActiveRecord: 1.4ms)


Started GET "/assets/home.css?body=1" for 127.0.0.1 at 2014-08-09 11:51:39 -0600


Started GET "/assets/skills.css?body=1" for 127.0.0.1 at 2014-08-09 11:51:39 -0600


Started GET "/assets/application.css?body=1" for 127.0.0.1 at 2014-08-09 11:51:39 -0600


Started GET "/assets/tools.css?body=1" for 127.0.0.1 at 2014-08-09 11:51:39 -0600


Started GET "/assets/jquery_ujs.js?body=1" for 127.0.0.1 at 2014-08-09 11:51:39 -0600


Started GET "/assets/jquery.js?body=1" for 127.0.0.1 at 2014-08-09 11:51:39 -0600


Started GET "/assets/scaffolds.css?body=1" for 127.0.0.1 at 2014-08-09 11:51:39 -0600


Started GET "/assets/turbolinks.js?body=1" for 127.0.0.1 at 2014-08-09 11:51:39 -0600


Started GET "/assets/home.js?body=1" for 127.0.0.1 at 2014-08-09 11:51:39 -0600


Started GET "/assets/skills.js?body=1" for 127.0.0.1 at 2014-08-09 11:51:39 -0600


Started GET "/assets/tools.js?body=1" for 127.0.0.1 at 2014-08-09 11:51:39 -0600


Started GET "/assets/application.js?body=1" for 127.0.0.1 at 2014-08-09 11:51:39 -0600


Started GET "/skills" for 127.0.0.1 at 2014-08-09 11:51:45 -0600
Processing by SkillsController#index as HTML
  [1m[36mSkill Load (2.2ms)[0m  [1mSELECT "skills".* FROM "skills"[0m
  Rendered skills/index.html.erb within layouts/application (8.6ms)
Completed 200 OK in 29ms (Views: 25.4ms | ActiveRecord: 2.2ms)


Started GET "/skills/new" for 127.0.0.1 at 2014-08-09 11:51:49 -0600
Processing by SkillsController#new as HTML
  Rendered skills/_form.html.erb (4.5ms)
  Rendered skills/new.html.erb within layouts/application (7.0ms)
Completed 200 OK in 29ms (Views: 27.4ms | ActiveRecord: 0.0ms)


Started POST "/skills" for 127.0.0.1 at 2014-08-09 11:52:07 -0600
Processing by SkillsController#create as HTML
  Parameters: {"utf8"=>"✓", "authenticity_token"=>"rHkwvO9lVMvA79b62bOXYkdaNQEtmAXaGvrfECiQw88=", "skill"=>{"title"=>"Art"}, "commit"=>"Create Skill"}
  [1m[35m (0.7ms)[0m  BEGIN
  [1m[36mSQL (0.9ms)[0m  [1mINSERT INTO "skills" ("created_at", "title", "updated_at") VALUES ($1, $2, $3) RETURNING "id"[0m  [["created_at", "2014-08-09 17:52:07.299231"], ["title", "Art"], ["updated_at", "2014-08-09 17:52:07.299231"]]
  [1m[35m (25.6ms)[0m  COMMIT
Redirected to http://localhost:3000/skills/3
Completed 302 Found in 38ms (ActiveRecord: 27.2ms)


Started GET "/skills/3" for 127.0.0.1 at 2014-08-09 11:52:07 -0600
Processing by SkillsController#show as HTML
  Parameters: {"id"=>"3"}
  [1m[36mSkill Load (0.8ms)[0m  [1mSELECT  "skills".* FROM "skills"  WHERE "skills"."id" = $1 LIMIT 1[0m  [["id", 3]]
  Rendered skills/show.html.erb within layouts/application (0.9ms)
Completed 200 OK in 21ms (Views: 17.1ms | ActiveRecord: 0.8ms)


Started GET "/assets/home.css?body=1" for 127.0.0.1 at 2014-08-09 11:52:07 -0600


Started GET "/assets/scaffolds.css?body=1" for 127.0.0.1 at 2014-08-09 11:52:07 -0600


Started GET "/assets/skills.css?body=1" for 127.0.0.1 at 2014-08-09 11:52:07 -0600


Started GET "/assets/tools.css?body=1" for 127.0.0.1 at 2014-08-09 11:52:07 -0600


Started GET "/assets/application.css?body=1" for 127.0.0.1 at 2014-08-09 11:52:07 -0600


Started GET "/assets/jquery_ujs.js?body=1" for 127.0.0.1 at 2014-08-09 11:52:07 -0600


Started GET "/assets/jquery.js?body=1" for 127.0.0.1 at 2014-08-09 11:52:07 -0600


Started GET "/assets/home.js?body=1" for 127.0.0.1 at 2014-08-09 11:52:07 -0600


Started GET "/assets/turbolinks.js?body=1" for 127.0.0.1 at 2014-08-09 11:52:07 -0600


Started GET "/assets/skills.js?body=1" for 127.0.0.1 at 2014-08-09 11:52:07 -0600


Started GET "/assets/application.js?body=1" for 127.0.0.1 at 2014-08-09 11:52:07 -0600


Started GET "/assets/tools.js?body=1" for 127.0.0.1 at 2014-08-09 11:52:07 -0600


Started GET "/skills" for 127.0.0.1 at 2014-08-09 11:52:13 -0600
Processing by SkillsController#index as HTML
  [1m[35mSkill Load (3.3ms)[0m  SELECT "skills".* FROM "skills"
  Rendered skills/index.html.erb within layouts/application (9.4ms)
Completed 200 OK in 33ms (Views: 28.1ms | ActiveRecord: 3.3ms)


Started GET "/tools" for 127.0.0.1 at 2014-08-09 11:53:59 -0600
  [1m[36mActiveRecord::SchemaMigration Load (1.7ms)[0m  [1mSELECT "schema_migrations".* FROM "schema_migrations"[0m
Processing by ToolsController#index as HTML
  [1m[35mTool Load (37.8ms)[0m  SELECT "tools".* FROM "tools"
  Rendered tools/index.html.erb within layouts/application (63.6ms)
Completed 200 OK in 233ms (Views: 140.8ms | ActiveRecord: 43.2ms)


Started GET "/assets/home.css?body=1" for 127.0.0.1 at 2014-08-09 11:54:00 -0600


Started GET "/assets/scaffolds.css?body=1" for 127.0.0.1 at 2014-08-09 11:54:00 -0600


Started GET "/assets/skills.css?body=1" for 127.0.0.1 at 2014-08-09 11:54:00 -0600


Started GET "/assets/tools.css?body=1" for 127.0.0.1 at 2014-08-09 11:54:00 -0600


Started GET "/assets/jquery.js?body=1" for 127.0.0.1 at 2014-08-09 11:54:00 -0600


Started GET "/assets/turbolinks.js?body=1" for 127.0.0.1 at 2014-08-09 11:54:00 -0600


Started GET "/assets/home.js?body=1" for 127.0.0.1 at 2014-08-09 11:54:00 -0600


Started GET "/assets/jquery_ujs.js?body=1" for 127.0.0.1 at 2014-08-09 11:54:00 -0600


Started GET "/assets/skills.js?body=1" for 127.0.0.1 at 2014-08-09 11:54:00 -0600


Started GET "/assets/application.css?body=1" for 127.0.0.1 at 2014-08-09 11:54:00 -0600


Started GET "/assets/tools.js?body=1" for 127.0.0.1 at 2014-08-09 11:54:00 -0600


Started GET "/assets/application.js?body=1" for 127.0.0.1 at 2014-08-09 11:54:00 -0600


Started GET "/tools/new" for 127.0.0.1 at 2014-08-09 11:54:28 -0600
Processing by ToolsController#new as HTML
  Rendered tools/_form.html.erb (37.7ms)
  Rendered tools/new.html.erb within layouts/application (68.2ms)
Completed 200 OK in 129ms (Views: 125.9ms | ActiveRecord: 0.0ms)


Started POST "/tools" for 127.0.0.1 at 2014-08-09 11:55:18 -0600
Processing by ToolsController#create as HTML
  Parameters: {"utf8"=>"✓", "authenticity_token"=>"rHkwvO9lVMvA79b62bOXYkdaNQEtmAXaGvrfECiQw88=", "tool"=>{"title"=>"Rake"}, "commit"=>"Create Tool"}
  [1m[36m (0.8ms)[0m  [1mBEGIN[0m
  [1m[35mSQL (12.8ms)[0m  INSERT INTO "tools" ("created_at", "title", "updated_at") VALUES ($1, $2, $3) RETURNING "id"  [["created_at", "2014-08-09 17:55:18.536781"], ["title", "Rake"], ["updated_at", "2014-08-09 17:55:18.536781"]]
  [1m[36m (18.5ms)[0m  [1mCOMMIT[0m
Redirected to http://localhost:3000/tools/2
Completed 302 Found in 54ms (ActiveRecord: 32.7ms)


Started GET "/tools/2" for 127.0.0.1 at 2014-08-09 11:55:18 -0600
Processing by ToolsController#show as HTML
  Parameters: {"id"=>"2"}
  [1m[35mTool Load (0.9ms)[0m  SELECT  "tools".* FROM "tools"  WHERE "tools"."id" = $1 LIMIT 1  [["id", 2]]
  Rendered tools/show.html.erb within layouts/application (2.3ms)
Completed 200 OK in 48ms (Views: 41.0ms | ActiveRecord: 0.9ms)


Started GET "/assets/home.css?body=1" for 127.0.0.1 at 2014-08-09 11:55:18 -0600


Started GET "/assets/scaffolds.css?body=1" for 127.0.0.1 at 2014-08-09 11:55:18 -0600


Started GET "/assets/skills.css?body=1" for 127.0.0.1 at 2014-08-09 11:55:18 -0600


Started GET "/assets/tools.css?body=1" for 127.0.0.1 at 2014-08-09 11:55:18 -0600


Started GET "/assets/application.css?body=1" for 127.0.0.1 at 2014-08-09 11:55:19 -0600


Started GET "/assets/jquery.js?body=1" for 127.0.0.1 at 2014-08-09 11:55:19 -0600


Started GET "/assets/turbolinks.js?body=1" for 127.0.0.1 at 2014-08-09 11:55:19 -0600


Started GET "/assets/home.js?body=1" for 127.0.0.1 at 2014-08-09 11:55:19 -0600


Started GET "/assets/jquery_ujs.js?body=1" for 127.0.0.1 at 2014-08-09 11:55:19 -0600


Started GET "/assets/skills.js?body=1" for 127.0.0.1 at 2014-08-09 11:55:19 -0600


Started GET "/assets/tools.js?body=1" for 127.0.0.1 at 2014-08-09 11:55:19 -0600


Started GET "/assets/application.js?body=1" for 127.0.0.1 at 2014-08-09 11:55:19 -0600


Started GET "/tools" for 127.0.0.1 at 2014-08-09 11:55:24 -0600
Processing by ToolsController#index as HTML
  [1m[36mTool Load (1.0ms)[0m  [1mSELECT "tools".* FROM "tools"[0m
  Rendered tools/index.html.erb within layouts/application (6.5ms)
Completed 200 OK in 28ms (Views: 25.8ms | ActiveRecord: 1.0ms)


Started GET "/tools/new" for 127.0.0.1 at 2014-08-09 11:55:27 -0600
Processing by ToolsController#new as HTML
  Rendered tools/_form.html.erb (4.4ms)
  Rendered tools/new.html.erb within layouts/application (7.6ms)
Completed 200 OK in 36ms (Views: 34.7ms | ActiveRecord: 0.0ms)


Started POST "/tools" for 127.0.0.1 at 2014-08-09 11:55:40 -0600
Processing by ToolsController#create as HTML
  Parameters: {"utf8"=>"✓", "authenticity_token"=>"rHkwvO9lVMvA79b62bOXYkdaNQEtmAXaGvrfECiQw88=", "tool"=>{"title"=>"Abicus"}, "commit"=>"Create Tool"}
  [1m[35m (0.5ms)[0m  BEGIN
  [1m[36mSQL (0.9ms)[0m  [1mINSERT INTO "tools" ("created_at", "title", "updated_at") VALUES ($1, $2, $3) RETURNING "id"[0m  [["created_at", "2014-08-09 17:55:40.326165"], ["title", "Abicus"], ["updated_at", "2014-08-09 17:55:40.326165"]]
  [1m[35m (28.2ms)[0m  COMMIT
Redirected to http://localhost:3000/tools/3
Completed 302 Found in 37ms (ActiveRecord: 29.7ms)


Started GET "/tools/3" for 127.0.0.1 at 2014-08-09 11:55:40 -0600
Processing by ToolsController#show as HTML
  Parameters: {"id"=>"3"}
  [1m[36mTool Load (1.1ms)[0m  [1mSELECT  "tools".* FROM "tools"  WHERE "tools"."id" = $1 LIMIT 1[0m  [["id", 3]]
  Rendered tools/show.html.erb within layouts/application (0.9ms)
Completed 200 OK in 18ms (Views: 13.6ms | ActiveRecord: 1.1ms)


Started GET "/assets/home.css?body=1" for 127.0.0.1 at 2014-08-09 11:55:40 -0600


Started GET "/assets/scaffolds.css?body=1" for 127.0.0.1 at 2014-08-09 11:55:40 -0600


Started GET "/assets/skills.css?body=1" for 127.0.0.1 at 2014-08-09 11:55:40 -0600


Started GET "/assets/tools.css?body=1" for 127.0.0.1 at 2014-08-09 11:55:40 -0600


Started GET "/assets/application.css?body=1" for 127.0.0.1 at 2014-08-09 11:55:40 -0600


Started GET "/assets/jquery.js?body=1" for 127.0.0.1 at 2014-08-09 11:55:40 -0600


Started GET "/assets/jquery_ujs.js?body=1" for 127.0.0.1 at 2014-08-09 11:55:40 -0600


Started GET "/assets/turbolinks.js?body=1" for 127.0.0.1 at 2014-08-09 11:55:40 -0600


Started GET "/assets/home.js?body=1" for 127.0.0.1 at 2014-08-09 11:55:40 -0600


Started GET "/assets/skills.js?body=1" for 127.0.0.1 at 2014-08-09 11:55:40 -0600


Started GET "/assets/tools.js?body=1" for 127.0.0.1 at 2014-08-09 11:55:40 -0600


Started GET "/assets/application.js?body=1" for 127.0.0.1 at 2014-08-09 11:55:40 -0600


Started GET "/tools" for 127.0.0.1 at 2014-08-09 11:55:45 -0600
Processing by ToolsController#index as HTML
  [1m[35mTool Load (1.0ms)[0m  SELECT "tools".* FROM "tools"
  Rendered tools/index.html.erb within layouts/application (9.3ms)
Completed 200 OK in 41ms (Views: 38.3ms | ActiveRecord: 1.0ms)
  [1m[36mActiveRecord::SchemaMigration Load (1.4ms)[0m  [1mSELECT "schema_migrations".* FROM "schema_migrations"[0m
  [1m[35mActiveRecord::SchemaMigration Load (0.7ms)[0m  SELECT "schema_migrations".* FROM "schema_migrations"


Started GET "/skills" for 127.0.0.1 at 2014-08-09 12:24:05 -0600
  [1m[36mActiveRecord::SchemaMigration Load (1.3ms)[0m  [1mSELECT "schema_migrations".* FROM "schema_migrations"[0m
Processing by SkillsController#index as HTML
  [1m[35mSkill Load (4.1ms)[0m  SELECT "skills".* FROM "skills"
  Rendered skills/index.html.erb within layouts/application (29.4ms)
Completed 200 OK in 191ms (Views: 156.8ms | ActiveRecord: 10.5ms)


Started GET "/assets/home.css?body=1" for 127.0.0.1 at 2014-08-09 12:24:06 -0600


Started GET "/assets/scaffolds.css?body=1" for 127.0.0.1 at 2014-08-09 12:24:06 -0600


Started GET "/assets/skills.css?body=1" for 127.0.0.1 at 2014-08-09 12:24:06 -0600


Started GET "/assets/jquery.js?body=1" for 127.0.0.1 at 2014-08-09 12:24:06 -0600


Started GET "/assets/application.css?body=1" for 127.0.0.1 at 2014-08-09 12:24:06 -0600


Started GET "/assets/jquery_ujs.js?body=1" for 127.0.0.1 at 2014-08-09 12:24:06 -0600


Started GET "/assets/tools.css?body=1" for 127.0.0.1 at 2014-08-09 12:24:06 -0600


Started GET "/assets/turbolinks.js?body=1" for 127.0.0.1 at 2014-08-09 12:24:06 -0600


Started GET "/assets/home.js?body=1" for 127.0.0.1 at 2014-08-09 12:24:06 -0600


Started GET "/assets/skills.js?body=1" for 127.0.0.1 at 2014-08-09 12:24:06 -0600


Started GET "/assets/tools.js?body=1" for 127.0.0.1 at 2014-08-09 12:24:06 -0600


Started GET "/assets/application.js?body=1" for 127.0.0.1 at 2014-08-09 12:24:06 -0600


Started GET "/skills" for 127.0.0.1 at 2014-08-09 12:26:14 -0600
  [1m[36mActiveRecord::SchemaMigration Load (1.5ms)[0m  [1mSELECT "schema_migrations".* FROM "schema_migrations"[0m
Processing by SkillsController#index as HTML
  [1m[35mSkill Load (1.3ms)[0m  SELECT "skills".* FROM "skills"
  Rendered skills/index.html.erb within layouts/application (32.9ms)
Completed 200 OK in 173ms (Views: 143.0ms | ActiveRecord: 7.9ms)


Started GET "/assets/home.css?body=1" for 127.0.0.1 at 2014-08-09 12:26:14 -0600


Started GET "/assets/scaffolds.css?body=1" for 127.0.0.1 at 2014-08-09 12:26:15 -0600


Started GET "/assets/skills.css?body=1" for 127.0.0.1 at 2014-08-09 12:26:15 -0600


Started GET "/assets/tools.css?body=1" for 127.0.0.1 at 2014-08-09 12:26:15 -0600


Started GET "/assets/application.css?body=1" for 127.0.0.1 at 2014-08-09 12:26:15 -0600


Started GET "/assets/jquery.js?body=1" for 127.0.0.1 at 2014-08-09 12:26:15 -0600


Started GET "/assets/turbolinks.js?body=1" for 127.0.0.1 at 2014-08-09 12:26:15 -0600


Started GET "/assets/jquery_ujs.js?body=1" for 127.0.0.1 at 2014-08-09 12:26:15 -0600


Started GET "/assets/home.js?body=1" for 127.0.0.1 at 2014-08-09 12:26:15 -0600


Started GET "/assets/tools.js?body=1" for 127.0.0.1 at 2014-08-09 12:26:15 -0600


Started GET "/assets/skills.js?body=1" for 127.0.0.1 at 2014-08-09 12:26:15 -0600


Started GET "/assets/application.js?body=1" for 127.0.0.1 at 2014-08-09 12:26:15 -0600
  [1m[36mActiveRecord::SchemaMigration Load (1.7ms)[0m  [1mSELECT "schema_migrations".* FROM "schema_migrations"[0m
  [1m[35mActiveRecord::SchemaMigration Load (0.8ms)[0m  SELECT "schema_migrations".* FROM "schema_migrations"


Started GET "/skills" for 127.0.0.1 at 2014-08-09 12:31:10 -0600
  [1m[36mActiveRecord::SchemaMigration Load (1.2ms)[0m  [1mSELECT "schema_migrations".* FROM "schema_migrations"[0m
Processing by SkillsController#index as HTML
  [1m[35mSkill Load (1.2ms)[0m  SELECT "skills".* FROM "skills"
  Rendered skills/index.html.erb within layouts/application (31.6ms)
Completed 200 OK in 176ms (Views: 145.4ms | ActiveRecord: 7.1ms)


Started GET "/assets/home.css?body=1" for 127.0.0.1 at 2014-08-09 12:31:11 -0600


Started GET "/assets/scaffolds.css?body=1" for 127.0.0.1 at 2014-08-09 12:31:11 -0600


Started GET "/assets/skills.css?body=1" for 127.0.0.1 at 2014-08-09 12:31:11 -0600


Started GET "/assets/tools.css?body=1" for 127.0.0.1 at 2014-08-09 12:31:11 -0600


Started GET "/assets/application.css?body=1" for 127.0.0.1 at 2014-08-09 12:31:11 -0600


Started GET "/assets/jquery.js?body=1" for 127.0.0.1 at 2014-08-09 12:31:11 -0600


Started GET "/assets/jquery_ujs.js?body=1" for 127.0.0.1 at 2014-08-09 12:31:11 -0600


Started GET "/assets/turbolinks.js?body=1" for 127.0.0.1 at 2014-08-09 12:31:11 -0600


Started GET "/assets/home.js?body=1" for 127.0.0.1 at 2014-08-09 12:31:11 -0600


Started GET "/assets/skills.js?body=1" for 127.0.0.1 at 2014-08-09 12:31:11 -0600


Started GET "/assets/tools.js?body=1" for 127.0.0.1 at 2014-08-09 12:31:11 -0600


Started GET "/assets/application.js?body=1" for 127.0.0.1 at 2014-08-09 12:31:11 -0600


Started GET "/skills" for 127.0.0.1 at 2014-08-09 12:40:17 -0600
  [1m[36mActiveRecord::SchemaMigration Load (1.5ms)[0m  [1mSELECT "schema_migrations".* FROM "schema_migrations"[0m
Processing by SkillsController#index as HTML
  [1m[35mSkill Load (2.0ms)[0m  SELECT "skills".* FROM "skills"   ORDER BY title ASC
  Rendered skills/index.html.erb within layouts/application (31.4ms)
Completed 200 OK in 173ms (Views: 141.5ms | ActiveRecord: 8.1ms)


Started GET "/assets/home.css?body=1" for 127.0.0.1 at 2014-08-09 12:40:17 -0600


Started GET "/assets/scaffolds.css?body=1" for 127.0.0.1 at 2014-08-09 12:40:17 -0600


Started GET "/assets/skills.css?body=1" for 127.0.0.1 at 2014-08-09 12:40:17 -0600


Started GET "/assets/application.css?body=1" for 127.0.0.1 at 2014-08-09 12:40:18 -0600


Started GET "/assets/jquery_ujs.js?body=1" for 127.0.0.1 at 2014-08-09 12:40:18 -0600


Started GET "/assets/home.js?body=1" for 127.0.0.1 at 2014-08-09 12:40:18 -0600


Started GET "/assets/jquery.js?body=1" for 127.0.0.1 at 2014-08-09 12:40:18 -0600


Started GET "/assets/turbolinks.js?body=1" for 127.0.0.1 at 2014-08-09 12:40:18 -0600


Started GET "/assets/tools.css?body=1" for 127.0.0.1 at 2014-08-09 12:40:18 -0600


Started GET "/assets/skills.js?body=1" for 127.0.0.1 at 2014-08-09 12:40:18 -0600


Started GET "/assets/tools.js?body=1" for 127.0.0.1 at 2014-08-09 12:40:18 -0600


Started GET "/assets/application.js?body=1" for 127.0.0.1 at 2014-08-09 12:40:18 -0600


Started GET "/tools" for 127.0.0.1 at 2014-08-09 12:44:21 -0600
  [1m[36mActiveRecord::SchemaMigration Load (2.2ms)[0m  [1mSELECT "schema_migrations".* FROM "schema_migrations"[0m
Processing by ToolsController#index as HTML
  [1m[35mTool Load (2.6ms)[0m  SELECT "tools".* FROM "tools"   ORDER BY title ASC
  Rendered tools/index.html.erb within layouts/application (31.1ms)
Completed 200 OK in 171ms (Views: 141.8ms | ActiveRecord: 7.6ms)


Started GET "/assets/home.css?body=1" for 127.0.0.1 at 2014-08-09 12:44:22 -0600


Started GET "/assets/scaffolds.css?body=1" for 127.0.0.1 at 2014-08-09 12:44:22 -0600


Started GET "/assets/skills.css?body=1" for 127.0.0.1 at 2014-08-09 12:44:22 -0600


Started GET "/assets/tools.css?body=1" for 127.0.0.1 at 2014-08-09 12:44:22 -0600


Started GET "/assets/application.css?body=1" for 127.0.0.1 at 2014-08-09 12:44:22 -0600


Started GET "/assets/jquery.js?body=1" for 127.0.0.1 at 2014-08-09 12:44:22 -0600


Started GET "/assets/jquery_ujs.js?body=1" for 127.0.0.1 at 2014-08-09 12:44:22 -0600


Started GET "/assets/home.js?body=1" for 127.0.0.1 at 2014-08-09 12:44:22 -0600


Started GET "/assets/turbolinks.js?body=1" for 127.0.0.1 at 2014-08-09 12:44:22 -0600


Started GET "/assets/skills.js?body=1" for 127.0.0.1 at 2014-08-09 12:44:22 -0600


Started GET "/assets/tools.js?body=1" for 127.0.0.1 at 2014-08-09 12:44:22 -0600


Started GET "/assets/application.js?body=1" for 127.0.0.1 at 2014-08-09 12:44:22 -0600


Started GET "/" for 127.0.0.1 at 2014-08-29 16:26:48 -0600

RuntimeError (Cannot load `Rails.application.database_configuration`:
Could not load database configuration. No such file - ):
  railties (4.1.4) lib/rails/application/configuration.rb:105:in `database_configuration'
  activerecord (4.1.4) lib/active_record/railtie.rb:128:in `block (2 levels) in <class:Railtie>'
  activesupport (4.1.4) lib/active_support/lazy_load_hooks.rb:38:in `instance_eval'
  activesupport (4.1.4) lib/active_support/lazy_load_hooks.rb:38:in `execute_hook'
  activesupport (4.1.4) lib/active_support/lazy_load_hooks.rb:45:in `block in run_load_hooks'
  activesupport (4.1.4) lib/active_support/lazy_load_hooks.rb:44:in `each'
  activesupport (4.1.4) lib/active_support/lazy_load_hooks.rb:44:in `run_load_hooks'
  activerecord (4.1.4) lib/active_record/base.rb:326:in `<module:ActiveRecord>'
  activerecord (4.1.4) lib/active_record/base.rb:23:in `<top (required)>'
  activerecord (4.1.4) lib/active_record/migration.rb:388:in `check_pending!'
  activerecord (4.1.4) lib/active_record/migration.rb:377:in `call'
  actionpack (4.1.4) lib/action_dispatch/middleware/callbacks.rb:29:in `block in call'
  activesupport (4.1.4) lib/active_support/callbacks.rb:82:in `run_callbacks'
  actionpack (4.1.4) lib/action_dispatch/middleware/callbacks.rb:27:in `call'
  actionpack (4.1.4) lib/action_dispatch/middleware/reloader.rb:73:in `call'
  actionpack (4.1.4) lib/action_dispatch/middleware/remote_ip.rb:76:in `call'
  actionpack (4.1.4) lib/action_dispatch/middleware/debug_exceptions.rb:17:in `call'
  actionpack (4.1.4) lib/action_dispatch/middleware/show_exceptions.rb:30:in `call'
  railties (4.1.4) lib/rails/rack/logger.rb:38:in `call_app'
  railties (4.1.4) lib/rails/rack/logger.rb:20:in `block in call'
  activesupport (4.1.4) lib/active_support/tagged_logging.rb:68:in `block in tagged'
  activesupport (4.1.4) lib/active_support/tagged_logging.rb:26:in `tagged'
  activesupport (4.1.4) lib/active_support/tagged_logging.rb:68:in `tagged'
  railties (4.1.4) lib/rails/rack/logger.rb:20:in `call'
  actionpack (4.1.4) lib/action_dispatch/middleware/request_id.rb:21:in `call'
  rack (1.5.2) lib/rack/methodoverride.rb:21:in `call'
  rack (1.5.2) lib/rack/runtime.rb:17:in `call'
  activesupport (4.1.4) lib/active_support/cache/strategy/local_cache_middleware.rb:26:in `call'
  rack (1.5.2) lib/rack/lock.rb:17:in `call'
  actionpack (4.1.4) lib/action_dispatch/middleware/static.rb:64:in `call'
  rack (1.5.2) lib/rack/sendfile.rb:112:in `call'
  railties (4.1.4) lib/rails/engine.rb:514:in `call'
  railties (4.1.4) lib/rails/application.rb:144:in `call'
  rack (1.5.2) lib/rack/lock.rb:17:in `call'
  rack (1.5.2) lib/rack/content_length.rb:14:in `call'
  rack (1.5.2) lib/rack/handler/webrick.rb:60:in `service'
  /home/alexander/.rvm/rubies/ruby-2.1.1/lib/ruby/2.1.0/webrick/httpserver.rb:138:in `service'
  /home/alexander/.rvm/rubies/ruby-2.1.1/lib/ruby/2.1.0/webrick/httpserver.rb:94:in `run'
  /home/alexander/.rvm/rubies/ruby-2.1.1/lib/ruby/2.1.0/webrick/server.rb:295:in `block in start_thread'


  Rendered /home/alexander/.rvm/gems/ruby-2.1.1/gems/actionpack-4.1.4/lib/action_dispatch/middleware/templates/rescues/_source.erb (1.2ms)
  Rendered /home/alexander/.rvm/gems/ruby-2.1.1/gems/actionpack-4.1.4/lib/action_dispatch/middleware/templates/rescues/_trace.html.erb (5.0ms)
  Rendered /home/alexander/.rvm/gems/ruby-2.1.1/gems/actionpack-4.1.4/lib/action_dispatch/middleware/templates/rescues/_request_and_response.html.erb (1.9ms)
  Rendered /home/alexander/.rvm/gems/ruby-2.1.1/gems/actionpack-4.1.4/lib/action_dispatch/middleware/templates/rescues/diagnostics.erb within rescues/layout (30.3ms)
  [1m[36m (144.4ms)[0m  [1mCREATE TABLE "schema_migrations" ("version" varchar(255) NOT NULL) [0m
  [1m[35m (0.2ms)[0m  select sqlite_version(*)
  [1m[36m (166.4ms)[0m  [1mCREATE UNIQUE INDEX "unique_schema_migrations" ON "schema_migrations" ("version")[0m
  [1m[35mActiveRecord::SchemaMigration Load (0.3ms)[0m  SELECT "schema_migrations".* FROM "schema_migrations"
Migrating to CreateSkills (20140807205750)
  [1m[36m (0.2ms)[0m  [1mbegin transaction[0m
  [1m[35m (1.8ms)[0m  CREATE TABLE "skills" ("id" INTEGER PRIMARY KEY AUTOINCREMENT NOT NULL, "title" varchar(255), "created_at" datetime, "updated_at" datetime) 
  [1m[36mSQL (0.4ms)[0m  [1mINSERT INTO "schema_migrations" ("version") VALUES (?)[0m  [["version", "20140807205750"]]
  [1m[35m (224.3ms)[0m  commit transaction
Migrating to CreateTools (20140807205811)
  [1m[36m (0.1ms)[0m  [1mbegin transaction[0m
  [1m[35m (0.5ms)[0m  CREATE TABLE "tools" ("id" INTEGER PRIMARY KEY AUTOINCREMENT NOT NULL, "title" varchar(255), "created_at" datetime, "updated_at" datetime) 
  [1m[36mSQL (0.4ms)[0m  [1mINSERT INTO "schema_migrations" ("version") VALUES (?)[0m  [["version", "20140807205811"]]
  [1m[35m (195.9ms)[0m  commit transaction
  [1m[36mActiveRecord::SchemaMigration Load (0.3ms)[0m  [1mSELECT "schema_migrations".* FROM "schema_migrations"[0m
  [1m[36mActiveRecord::SchemaMigration Load (0.2ms)[0m  [1mSELECT "schema_migrations".* FROM "schema_migrations"[0m
Migrating to CreateUsers (20140905020021)
  [1m[35m (0.1ms)[0m  begin transaction
  [1m[36m (0.6ms)[0m  [1mCREATE TABLE "users" ("id" INTEGER PRIMARY KEY AUTOINCREMENT NOT NULL, "username" varchar(255), "email" varchar(255), "created_at" datetime, "updated_at" datetime) [0m
  [1m[35mSQL (0.4ms)[0m  INSERT INTO "schema_migrations" ("version") VALUES (?)  [["version", "20140905020021"]]
  [1m[36m (206.2ms)[0m  [1mcommit transaction[0m
Migrating to CreateToolListings (20140905020356)
  [1m[35m (0.2ms)[0m  begin transaction
  [1m[36m (0.6ms)[0m  [1mCREATE TABLE "tool_listings" ("id" INTEGER PRIMARY KEY AUTOINCREMENT NOT NULL, "user_id" integer, "tool_id" integer, "created_at" datetime, "updated_at" datetime) [0m
  [1m[35m (0.2ms)[0m  select sqlite_version(*)
  [1m[36m (0.4ms)[0m  [1mCREATE  INDEX "index_tool_listings_on_user_id" ON "tool_listings" ("user_id")[0m
  [1m[35m (0.3ms)[0m              SELECT sql
            FROM sqlite_master
            WHERE name='index_tool_listings_on_user_id' AND type='index'
            UNION ALL
            SELECT sql
            FROM sqlite_temp_master
            WHERE name='index_tool_listings_on_user_id' AND type='index'

  [1m[36m (0.3ms)[0m  [1mCREATE  INDEX "index_tool_listings_on_tool_id" ON "tool_listings" ("tool_id")[0m
  [1m[35mSQL (0.3ms)[0m  INSERT INTO "schema_migrations" ("version") VALUES (?)  [["version", "20140905020356"]]
  [1m[36m (169.7ms)[0m  [1mcommit transaction[0m
Migrating to CreateSkillListings (20140905020415)
  [1m[35m (0.2ms)[0m  begin transaction
  [1m[36m (0.6ms)[0m  [1mCREATE TABLE "skill_listings" ("id" INTEGER PRIMARY KEY AUTOINCREMENT NOT NULL, "user_id" integer, "skill_id" integer, "created_at" datetime, "updated_at" datetime) [0m
  [1m[35m (0.4ms)[0m  CREATE  INDEX "index_skill_listings_on_user_id" ON "skill_listings" ("user_id")
  [1m[36m (0.2ms)[0m  [1m            SELECT sql
            FROM sqlite_master
            WHERE name='index_skill_listings_on_user_id' AND type='index'
            UNION ALL
            SELECT sql
            FROM sqlite_temp_master
            WHERE name='index_skill_listings_on_user_id' AND type='index'
[0m
  [1m[35m (0.4ms)[0m  CREATE  INDEX "index_skill_listings_on_skill_id" ON "skill_listings" ("skill_id")
  [1m[36mSQL (0.3ms)[0m  [1mINSERT INTO "schema_migrations" ("version") VALUES (?)[0m  [["version", "20140905020415"]]
  [1m[35m (181.5ms)[0m  commit transaction
  [1m[36mActiveRecord::SchemaMigration Load (0.3ms)[0m  [1mSELECT "schema_migrations".* FROM "schema_migrations"[0m
  [1m[35m (0.3ms)[0m              SELECT sql
            FROM sqlite_master
            WHERE name='index_skill_listings_on_skill_id' AND type='index'
            UNION ALL
            SELECT sql
            FROM sqlite_temp_master
            WHERE name='index_skill_listings_on_skill_id' AND type='index'

  [1m[36m (0.3ms)[0m  [1m            SELECT sql
            FROM sqlite_master
            WHERE name='index_skill_listings_on_user_id' AND type='index'
            UNION ALL
            SELECT sql
            FROM sqlite_temp_master
            WHERE name='index_skill_listings_on_user_id' AND type='index'
[0m
  [1m[35m (0.3ms)[0m              SELECT sql
            FROM sqlite_master
            WHERE name='index_tool_listings_on_tool_id' AND type='index'
            UNION ALL
            SELECT sql
            FROM sqlite_temp_master
            WHERE name='index_tool_listings_on_tool_id' AND type='index'

  [1m[36m (0.3ms)[0m  [1m            SELECT sql
            FROM sqlite_master
            WHERE name='index_tool_listings_on_user_id' AND type='index'
            UNION ALL
            SELECT sql
            FROM sqlite_temp_master
            WHERE name='index_tool_listings_on_user_id' AND type='index'
[0m
  [1m[36mActiveRecord::SchemaMigration Load (0.3ms)[0m  [1mSELECT "schema_migrations".* FROM "schema_migrations"[0m
  [1m[35mActiveRecord::SchemaMigration Load (0.2ms)[0m  SELECT "schema_migrations".* FROM "schema_migrations"
  [1m[36m (0.3ms)[0m  [1m            SELECT sql
            FROM sqlite_master
            WHERE name='index_skill_listings_on_skill_id' AND type='index'
            UNION ALL
            SELECT sql
            FROM sqlite_temp_master
            WHERE name='index_skill_listings_on_skill_id' AND type='index'
[0m
  [1m[35m (0.2ms)[0m              SELECT sql
            FROM sqlite_master
            WHERE name='index_skill_listings_on_user_id' AND type='index'
            UNION ALL
            SELECT sql
            FROM sqlite_temp_master
            WHERE name='index_skill_listings_on_user_id' AND type='index'

  [1m[36m (0.2ms)[0m  [1m            SELECT sql
            FROM sqlite_master
            WHERE name='index_tool_listings_on_tool_id' AND type='index'
            UNION ALL
            SELECT sql
            FROM sqlite_temp_master
            WHERE name='index_tool_listings_on_tool_id' AND type='index'
[0m
  [1m[35m (0.2ms)[0m              SELECT sql
            FROM sqlite_master
            WHERE name='index_tool_listings_on_user_id' AND type='index'
            UNION ALL
            SELECT sql
            FROM sqlite_temp_master
            WHERE name='index_tool_listings_on_user_id' AND type='index'

